<?xml version="1.0" encoding="UTF-8"?>
<testng-results skipped="0" failed="0" total="1" passed="1">
  <reporter-output>
  </reporter-output>
  <suite name="Default suite" duration-ms="4801" started-at="2016-11-24T00:42:52Z" finished-at="2016-11-24T00:42:57Z">
    <groups>
    </groups>
    <test name="Default test" duration-ms="4801" started-at="2016-11-24T00:42:52Z" finished-at="2016-11-24T00:42:57Z">
      <class name="bb.Jenkin_Practice">
        <test-method status="PASS" signature="m()[pri:0, instance:bb.Jenkin_Practice@776a6d9b]" name="m" duration-ms="4760" started-at="2016-11-23T19:42:52Z" finished-at="2016-11-23T19:42:57Z">
          <reporter-output>
          </reporter-output>
        </test-method> <!-- m -->
      </class> <!-- bb.Jenkin_Practice -->
    </test> <!-- Default test -->
  </suite> <!-- Default suite -->
</testng-results>
